<?xml version="1.0" encoding="UTF-8"?>
<!-- Generated by org.testng.reporters.JUnitXMLReporter -->
<testsuite ignored="0" hostname="DESKTOP-QRIIKB4" failures="0" tests="4" name="Default test" time="34.349" errors="0" timestamp="2023-07-21T16:41:40 CDT">
  <testcase classname="BR.Tests.SubmitOrderTest" name="submitOrder" time="3.906"/>
  <testcase classname="BR.Tests.SubmitOrderTest" name="submitOrder" time="3.724"/>
  <testcase classname="BR.Tests.SubmitOrderTest" name="orderHistory" time="1.029"/>
  <testcase classname="BR.Tests.SubmitOrderTest" name="orderHistory" time="1.48"/>
</testsuite> <!-- Default test -->
