<?xml version="1.0" encoding="UTF-8"?>
<!-- Generated by org.testng.reporters.JUnitXMLReporter -->
<testsuite ignored="0" hostname="BSTNQA7420001" failures="0" tests="4" name="Submit Order" time="40.076" errors="0" timestamp="2023-07-21T10:36:36 CDT">
  <testcase classname="BR.Tests.SubmitOrderTest" name="submitOrder" time="6.002"/>
  <testcase classname="BR.Tests.SubmitOrderTest" name="submitOrder" time="6.394"/>
  <testcase classname="BR.Tests.SubmitOrderTest" name="orderHistory" time="2.052"/>
  <testcase classname="BR.Tests.SubmitOrderTest" name="orderHistory" time="4.706"/>
</testsuite> <!-- Submit Order -->
