<?xml version="1.0" encoding="UTF-8"?>
<testng-results ignored="0" total="1" passed="1" failed="0" skipped="0">
  <reporter-output>
  </reporter-output>
  <suite started-at="2023-07-22T12:39:24 CDT" name="Suite" finished-at="2023-07-22T12:39:30 CDT" duration-ms="6149">
    <groups>
    </groups>
    <test started-at="2023-07-22T12:39:24 CDT" name="RoughWork" finished-at="2023-07-22T12:39:30 CDT" duration-ms="6149">
      <class name="BR.Tests.RoughWork">
        <test-method signature="productErrorValidation()[pri:0, instance:BR.Tests.RoughWork@3b7d3a38]" started-at="2023-07-22T12:39:24 CDT" name="productErrorValidation" finished-at="2023-07-22T12:39:30 CDT" duration-ms="6079" status="PASS">
          <reporter-output>
          </reporter-output>
        </test-method> <!-- productErrorValidation -->
      </class> <!-- BR.Tests.RoughWork -->
    </test> <!-- RoughWork -->
  </suite> <!-- Suite -->
</testng-results>
