<?xml version="1.0" encoding="UTF-8"?>
<testng-results ignored="0" total="4" passed="4" failed="0" skipped="0">
  <reporter-output>
  </reporter-output>
  <suite started-at="2023-07-21T16:41:05 CDT" name="Default suite" finished-at="2023-07-21T16:41:40 CDT" duration-ms="34349">
    <groups>
      <group name="Purchase">
        <method signature="SubmitOrderTest.submitOrder(java.util.HashMap)[pri:0, instance:BR.Tests.SubmitOrderTest@74ea2410]" name="submitOrder" class="BR.Tests.SubmitOrderTest"/>
      </group> <!-- Purchase -->
    </groups>
    <test started-at="2023-07-21T16:41:05 CDT" name="Default test" finished-at="2023-07-21T16:41:40 CDT" duration-ms="34349">
      <class name="BR.Tests.SubmitOrderTest">
        <test-method is-config="true" signature="launchApplication()[pri:0, instance:BR.Tests.SubmitOrderTest@74ea2410]" started-at="2023-07-21T16:41:05 CDT" name="launchApplication" finished-at="2023-07-21T16:41:11 CDT" duration-ms="5548" status="PASS">
          <reporter-output>
          </reporter-output>
        </test-method> <!-- launchApplication -->
        <test-method signature="submitOrder(java.util.HashMap)[pri:0, instance:BR.Tests.SubmitOrderTest@74ea2410]" started-at="2023-07-21T16:41:11 CDT" name="submitOrder" data-provider="getData" finished-at="2023-07-21T16:41:15 CDT" duration-ms="3906" status="PASS">
          <params>
            <param index="0">
              <value>
                <![CDATA[{password=Rayleigh@23, product=ZARA COAT 3, email=abc802386@mail.com}]]>
              </value>
            </param>
          </params>
          <reporter-output>
          </reporter-output>
        </test-method> <!-- submitOrder -->
        <test-method is-config="true" signature="tearDown()[pri:0, instance:BR.Tests.SubmitOrderTest@74ea2410]" started-at="2023-07-21T16:41:15 CDT" name="tearDown" finished-at="2023-07-21T16:41:16 CDT" duration-ms="680" status="PASS">
          <reporter-output>
          </reporter-output>
        </test-method> <!-- tearDown -->
        <test-method is-config="true" signature="launchApplication()[pri:0, instance:BR.Tests.SubmitOrderTest@74ea2410]" started-at="2023-07-21T16:41:16 CDT" name="launchApplication" finished-at="2023-07-21T16:41:20 CDT" duration-ms="4871" status="PASS">
          <reporter-output>
          </reporter-output>
        </test-method> <!-- launchApplication -->
        <test-method signature="submitOrder(java.util.HashMap)[pri:0, instance:BR.Tests.SubmitOrderTest@74ea2410]" started-at="2023-07-21T16:41:20 CDT" name="submitOrder" data-provider="getData" finished-at="2023-07-21T16:41:24 CDT" duration-ms="3724" status="PASS">
          <params>
            <param index="0">
              <value>
                <![CDATA[{password=January@23, product=ADIDAS ORIGINAL, email=json@gmail.com}]]>
              </value>
            </param>
          </params>
          <reporter-output>
          </reporter-output>
        </test-method> <!-- submitOrder -->
        <test-method is-config="true" signature="tearDown()[pri:0, instance:BR.Tests.SubmitOrderTest@74ea2410]" started-at="2023-07-21T16:41:24 CDT" name="tearDown" finished-at="2023-07-21T16:41:25 CDT" duration-ms="655" status="PASS">
          <reporter-output>
          </reporter-output>
        </test-method> <!-- tearDown -->
        <test-method is-config="true" signature="launchApplication()[pri:0, instance:BR.Tests.SubmitOrderTest@74ea2410]" started-at="2023-07-21T16:41:25 CDT" name="launchApplication" finished-at="2023-07-21T16:41:30 CDT" duration-ms="4835" status="PASS">
          <reporter-output>
          </reporter-output>
        </test-method> <!-- launchApplication -->
        <test-method signature="orderHistory(java.util.HashMap)[pri:0, instance:BR.Tests.SubmitOrderTest@74ea2410]" started-at="2023-07-21T16:41:30 CDT" name="orderHistory" data-provider="getData" finished-at="2023-07-21T16:41:31 CDT" depends-on-methods="BR.Tests.SubmitOrderTest.submitOrder" duration-ms="1029" status="PASS">
          <params>
            <param index="0">
              <value>
                <![CDATA[{password=Rayleigh@23, product=ZARA COAT 3, email=abc802386@mail.com}]]>
              </value>
            </param>
          </params>
          <reporter-output>
          </reporter-output>
        </test-method> <!-- orderHistory -->
        <test-method is-config="true" signature="tearDown()[pri:0, instance:BR.Tests.SubmitOrderTest@74ea2410]" started-at="2023-07-21T16:41:31 CDT" name="tearDown" finished-at="2023-07-21T16:41:31 CDT" duration-ms="617" status="PASS">
          <reporter-output>
          </reporter-output>
        </test-method> <!-- tearDown -->
        <test-method is-config="true" signature="launchApplication()[pri:0, instance:BR.Tests.SubmitOrderTest@74ea2410]" started-at="2023-07-21T16:41:31 CDT" name="launchApplication" finished-at="2023-07-21T16:41:37 CDT" duration-ms="6065" status="PASS">
          <reporter-output>
          </reporter-output>
        </test-method> <!-- launchApplication -->
        <test-method signature="orderHistory(java.util.HashMap)[pri:0, instance:BR.Tests.SubmitOrderTest@74ea2410]" started-at="2023-07-21T16:41:37 CDT" name="orderHistory" data-provider="getData" finished-at="2023-07-21T16:41:39 CDT" depends-on-methods="BR.Tests.SubmitOrderTest.submitOrder" duration-ms="1480" status="PASS">
          <params>
            <param index="0">
              <value>
                <![CDATA[{password=January@23, product=ADIDAS ORIGINAL, email=json@gmail.com}]]>
              </value>
            </param>
          </params>
          <reporter-output>
          </reporter-output>
        </test-method> <!-- orderHistory -->
        <test-method is-config="true" signature="tearDown()[pri:0, instance:BR.Tests.SubmitOrderTest@74ea2410]" started-at="2023-07-21T16:41:39 CDT" name="tearDown" finished-at="2023-07-21T16:41:40 CDT" duration-ms="639" status="PASS">
          <reporter-output>
          </reporter-output>
        </test-method> <!-- tearDown -->
      </class> <!-- BR.Tests.SubmitOrderTest -->
    </test> <!-- Default test -->
  </suite> <!-- Default suite -->
</testng-results>
